[     601ms] [INFO] %c👨‍💻 [Login wrapper] color: #708; URL to load undefined @ https://zoebellotscompanyc1627f-chat.twake.app/static/js/cozy.b7280d12.js?5d833aff3884456f:1
[     604ms] [WARNING] %ccozy-stack-client Deprecated: in next versions of cozy-client, it will not be possible to query settings with an incomplete id

- Q('io.cozy.settings').getById('instance')
+ Q('io.cozy.settings').getById('io.cozy.settings.instance') color: #fff; background: #bbbb00; @ https://zoebellotscompanyc1627f-chat.twake.app/static/js/658.2e425e91.js?5d833aff3884456f:1
[     606ms] [LOG] %c👷‍♂️ [DataProxyProvider] Initializing DataProxy intent color: #808080; @ https://zoebellotscompanyc1627f-chat.twake.app/static/js/cozy.b7280d12.js?5d833aff3884456f:1
[     759ms] [INFO] %c👨‍💻 [Login wrapper] color: #708; Org ID: bellotscompanyc1627f @ https://zoebellotscompanyc1627f-chat.twake.app/static/js/cozy.b7280d12.js?5d833aff3884456f:1
[     759ms] [INFO] %c👨‍💻 [Login wrapper] color: #708; Domain: twake.app @ https://zoebellotscompanyc1627f-chat.twake.app/static/js/cozy.b7280d12.js?5d833aff3884456f:1
[     759ms] [INFO] %c👨‍💻 [Login wrapper] color: #708; AppURL: https://chat.bellotscompanyc1627f.twake.app/ @ https://zoebellotscompanyc1627f-chat.twake.app/static/js/cozy.b7280d12.js?5d833aff3884456f:1
[     759ms] [INFO] %c👨‍💻 [Login wrapper] color: #708; API login URL: https://api-login-bellotscompanyc1627f.twake.app/ @ https://zoebellotscompanyc1627f-chat.twake.app/static/js/cozy.b7280d12.js?5d833aff3884456f:1
[     759ms] [INFO] %c👨‍💻 [Login wrapper] color: #708; Fresh login params {error: null, errorDescription: null, loginToken: null, homeserver: null} @ https://zoebellotscompanyc1627f-chat.twake.app/static/js/cozy.b7280d12.js?5d833aff3884456f:1
[     759ms] [INFO] %c👨‍💻 [Login wrapper] color: #708; 🔵 Not fresh login @ https://zoebellotscompanyc1627f-chat.twake.app/static/js/cozy.b7280d12.js?5d833aff3884456f:1
[     923ms] [INFO] %c👨‍💻 [Login wrapper] color: #708; 🔵 Authenticated @ https://zoebellotscompanyc1627f-chat.twake.app/static/js/cozy.b7280d12.js?5d833aff3884456f:1
[     929ms] [ERROR] Error: <svg> attribute width: Expected length, "auto". @ https://zoebellotscompanyc1627f-chat.twake.app/static/js/lib-react.f58bf8f1.js?5d833aff3884456f:1
[     929ms] [ERROR] Error: <svg> attribute width: Expected length, "auto". @ https://zoebellotscompanyc1627f-chat.twake.app/static/js/lib-react.f58bf8f1.js?5d833aff3884456f:1
[     935ms] [INFO] %c👨‍💻 [Login wrapper] color: #708; URL to load https://chat.bellotscompanyc1627f.twake.app/ @ https://zoebellotscompanyc1627f-chat.twake.app/static/js/cozy.b7280d12.js?5d833aff3884456f:1
[     950ms] [LOG] %c🌉 [Container bridge] Setting iframe to https://chat.bellotscompanyc1627f.twake.app/ color: #808080; @ https://zoebellotscompanyc1627f-chat.twake.app/static/js/cozy.b7280d12.js?5d833aff3884456f:1
[     950ms] [LOG] %c🌉 [Container bridge] Listening to parent origin request color: #808080; @ https://zoebellotscompanyc1627f-chat.twake.app/static/js/cozy.b7280d12.js?5d833aff3884456f:1
[     950ms] [LOG] %c🌉 [Container bridge] Listening to bridge requests color: #808080; @ https://zoebellotscompanyc1627f-chat.twake.app/static/js/cozy.b7280d12.js?5d833aff3884456f:1
[    1299ms] [LOG] %c👷‍♂️ [SharedWorkerProvider] Init SharedWorker color: #808080; @ https://zoebellotscompanyc1627f-dataproxy.twake.app/static/js/cozy.57e27eed.js:1
[    1300ms] [LOG] %c👷‍♂️ [SharedWorkerProvider] Provide CozyClient data to Worker color: #808080; @ https://zoebellotscompanyc1627f-dataproxy.twake.app/static/js/cozy.57e27eed.js:1
[    9628ms] [LOG] Got object store box in database twake_dio_cache_hive_store. @ https://chat.bellotscompanyc1627f.twake.app/web/main.dart.js:63144
[    9663ms] [LOG] dynamic_color: Dynamic color not detected on this device. @ https://chat.bellotscompanyc1627f.twake.app/web/main.dart.js:63144
[   11282ms] [ERROR] Failed to load resource: the server responded with a status of 403 () @ https://matrix.bellot.me/_matrix/client/v3/register?:0
[   11494ms] Error
    at https://chat.bellotscompanyc1627f.twake.app/web/main.dart.js:257396:3
    at cWc.a (https://chat.bellotscompanyc1627f.twake.app/web/main.dart.js:5232:63)
    at cWc.$2 (https://chat.bellotscompanyc1627f.twake.app/web/main.dart.js:78466:14)
    at Object.m (https://chat.bellotscompanyc1627f.twake.app/web/main.dart.js:5218:10)
    at hh.bfI (https://chat.bellotscompanyc1627f.twake.app/web/main.dart.js:257409:10)
    at hh.MV (https://chat.bellotscompanyc1627f.twake.app/web/main.dart.js:257383:27)
    at hh.bfG (https://chat.bellotscompanyc1627f.twake.app/web/main.dart.js:257384:22)
    at Gq.uz (https://chat.bellotscompanyc1627f.twake.app/web/main.dart.js:121088:10)
    at aSa.ata (https://chat.bellotscompanyc1627f.twake.app/web/main.dart.js:161836:57)
    at tear_off.<anonymous> (https://chat.bellotscompanyc1627f.twake.app/web/main.dart.js:3953:65)
[   11495ms] Error
    at https://chat.bellotscompanyc1627f.twake.app/web/main.dart.js:257396:3
    at cWc.a (https://chat.bellotscompanyc1627f.twake.app/web/main.dart.js:5232:63)
    at cWc.$2 (https://chat.bellotscompanyc1627f.twake.app/web/main.dart.js:78466:14)
    at Object.m (https://chat.bellotscompanyc1627f.twake.app/web/main.dart.js:5218:10)
    at hh.bfI (https://chat.bellotscompanyc1627f.twake.app/web/main.dart.js:257409:10)
    at hh.MV (https://chat.bellotscompanyc1627f.twake.app/web/main.dart.js:257383:27)
    at hh.bfG (https://chat.bellotscompanyc1627f.twake.app/web/main.dart.js:257384:22)
    at Gq.uz (https://chat.bellotscompanyc1627f.twake.app/web/main.dart.js:121088:10)
    at aSa.ata (https://chat.bellotscompanyc1627f.twake.app/web/main.dart.js:161836:57)
    at tear_off.<anonymous> (https://chat.bellotscompanyc1627f.twake.app/web/main.dart.js:3953:65)
